The system is: Windows - 6.3.9600 - AMD64
Compiling the C compiler identification source file "CMakeCCompilerId.c" succeeded.
Compiler: C:/Program Files (x86)/Microsoft Visual Studio 14.0/VC/bin/cl.exe 
Build flags: 
Id flags:  

The output was:
0
Microsoft (R) C/C++ Optimizing Compiler Version 19.00.23918 for x86
Copyright (C) Microsoft Corporation.  All rights reserved.

CMakeCCompilerId.c
Microsoft (R) Incremental Linker Version 14.00.23918.0
Copyright (C) Microsoft Corporation.  All rights reserved.

/out:CMakeCCompilerId.exe 
CMakeCCompilerId.obj 


Compilation of the C compiler identification source "CMakeCCompilerId.c" produced "CMakeCCompilerId.exe"

Compilation of the C compiler identification source "CMakeCCompilerId.c" produced "CMakeCCompilerId.obj"

The C compiler identification is MSVC, found in "C:/Users/yasar/Dropbox/yasar_programlar/ylib/build/CMakeFiles/3.8.0/CompilerIdC/CMakeCCompilerId.exe"

Determining if the C compiler works passed with the following output:
Change Dir: C:/Users/yasar/Dropbox/yasar_programlar/ylib/build/CMakeFiles/CMakeTmp

Run Build Command:"nmake" "/NOLOGO" "cmTC_7c0fb\fast"
	"C:\Program Files (x86)\Microsoft Visual Studio 14.0\VC\BIN\nmake.exe" -f CMakeFiles\cmTC_7c0fb.dir\build.make /nologo -L                  CMakeFiles\cmTC_7c0fb.dir\build
Building C object CMakeFiles/cmTC_7c0fb.dir/testCCompiler.c.obj
	C:\PROGRA~2\MICROS~1.0\VC\bin\cl.exe @C:\Users\yasar\AppData\Local\Temp\nm461A.tmp
testCCompiler.c
Linking C executable cmTC_7c0fb.exe
	"C:\Program Files\CMake\bin\cmake.exe" -E vs_link_exe --intdir=CMakeFiles\cmTC_7c0fb.dir --manifests  -- C:\PROGRA~2\MICROS~1.0\VC\bin\link.exe /nologo @CMakeFiles\cmTC_7c0fb.dir\objects1.rsp @C:\Users\yasar\AppData\Local\Temp\nm481F.tmp


Detecting C compiler ABI info compiled with the following output:
Change Dir: C:/Users/yasar/Dropbox/yasar_programlar/ylib/build/CMakeFiles/CMakeTmp

Run Build Command:"nmake" "/NOLOGO" "cmTC_b71dd\fast"
	"C:\Program Files (x86)\Microsoft Visual Studio 14.0\VC\BIN\nmake.exe" -f CMakeFiles\cmTC_b71dd.dir\build.make /nologo -L                  CMakeFiles\cmTC_b71dd.dir\build
Building C object CMakeFiles/cmTC_b71dd.dir/CMakeCCompilerABI.c.obj
	C:\PROGRA~2\MICROS~1.0\VC\bin\cl.exe @C:\Users\yasar\AppData\Local\Temp\nm5184.tmp
CMakeCCompilerABI.c
Linking C executable cmTC_b71dd.exe
	"C:\Program Files\CMake\bin\cmake.exe" -E vs_link_exe --intdir=CMakeFiles\cmTC_b71dd.dir --manifests  -- C:\PROGRA~2\MICROS~1.0\VC\bin\link.exe /nologo @CMakeFiles\cmTC_b71dd.dir\objects1.rsp @C:\Users\yasar\AppData\Local\Temp\nm5250.tmp


